0 info it worked if it ends with ok
1 verbose cli [ 'C:\\Anaconda2\\Library\\bin\\node.exe',
1 verbose cli   'C:\\Anaconda2\\node_modules\\npm\\bin\\npm-cli.js',
1 verbose cli   'i',
1 verbose cli   '-g',
1 verbose cli   'gitflow' ]
2 info using npm@3.8.3
3 info using node@v4.4.1
4 silly loadCurrentTree Starting
5 silly install loadCurrentTree
6 silly install readGlobalPackageData
7 silly fetchPackageMetaData gitflow
8 silly fetchNamedPackageData gitflow
9 silly mapToRegistry name gitflow
10 silly mapToRegistry using default registry
11 silly mapToRegistry registry https://registry.npmjs.org/
12 silly mapToRegistry data Result {
12 silly mapToRegistry   raw: 'gitflow',
12 silly mapToRegistry   scope: null,
12 silly mapToRegistry   name: 'gitflow',
12 silly mapToRegistry   rawSpec: '',
12 silly mapToRegistry   spec: 'latest',
12 silly mapToRegistry   type: 'tag' }
13 silly mapToRegistry uri https://registry.npmjs.org/gitflow
14 verbose request uri https://registry.npmjs.org/gitflow
15 verbose request no auth needed
16 info attempt registry request try #1 at 11:43:56
17 verbose request id d9a08a7abc36fd62
18 http request GET https://registry.npmjs.org/gitflow
19 http 200 https://registry.npmjs.org/gitflow
20 verbose headers { server: 'nginx/1.10.1',
20 verbose headers   'content-type': 'application/json',
20 verbose headers   'last-modified': 'Sat, 18 Feb 2017 02:38:54 GMT',
20 verbose headers   etag: 'W/"58a7b3be-d413"',
20 verbose headers   'content-encoding': 'gzip',
20 verbose headers   'cache-control': 'max-age=300',
20 verbose headers   'content-length': '6485',
20 verbose headers   'accept-ranges': 'bytes',
20 verbose headers   date: 'Thu, 24 Aug 2017 09:42:47 GMT',
20 verbose headers   via: '1.1 varnish',
20 verbose headers   age: '0',
20 verbose headers   connection: 'keep-alive',
20 verbose headers   'x-served-by': 'cache-ams4420-AMS',
20 verbose headers   'x-cache': 'MISS',
20 verbose headers   'x-cache-hits': '0',
20 verbose headers   'x-timer': 'S1503567768.542773,VS0,VE111',
20 verbose headers   vary: 'Accept-Encoding, Accept' }
21 silly get cb [ 200,
21 silly get   { server: 'nginx/1.10.1',
21 silly get     'content-type': 'application/json',
21 silly get     'last-modified': 'Sat, 18 Feb 2017 02:38:54 GMT',
21 silly get     etag: 'W/"58a7b3be-d413"',
21 silly get     'content-encoding': 'gzip',
21 silly get     'cache-control': 'max-age=300',
21 silly get     'content-length': '6485',
21 silly get     'accept-ranges': 'bytes',
21 silly get     date: 'Thu, 24 Aug 2017 09:42:47 GMT',
21 silly get     via: '1.1 varnish',
21 silly get     age: '0',
21 silly get     connection: 'keep-alive',
21 silly get     'x-served-by': 'cache-ams4420-AMS',
21 silly get     'x-cache': 'MISS',
21 silly get     'x-cache-hits': '0',
21 silly get     'x-timer': 'S1503567768.542773,VS0,VE111',
21 silly get     vary: 'Accept-Encoding, Accept' } ]
22 verbose get saving gitflow to C:\Users\julia.delos.ayllon\AppData\Roaming\npm-cache\registry.npmjs.org\gitflow\.cache.json
23 verbose correctMkdir C:\Users\julia.delos.ayllon\AppData\Roaming\npm-cache correctMkdir not in flight; initializing
24 silly install normalizeTree
25 silly loadCurrentTree Finishing
26 silly loadIdealTree Starting
27 silly install loadIdealTree
28 silly cloneCurrentTree Starting
29 silly install cloneCurrentTreeToIdealTree
30 silly cloneCurrentTree Finishing
31 silly loadShrinkwrap Starting
32 silly install loadShrinkwrap
33 silly loadShrinkwrap Finishing
34 silly loadAllDepsIntoIdealTree Starting
35 silly install loadAllDepsIntoIdealTree
36 silly rollbackFailedOptional Starting
37 silly rollbackFailedOptional Finishing
38 silly runTopLevelLifecycles Starting
39 silly runTopLevelLifecycles Finishing
40 silly install printInstalled
41 verbose stack Error: Unsupported platform for gitflow@0.5.5: wanted {"name":"gitflow","version":"0.5.5","description":"Modified gitflow for dreidev","main":"src/index.js","scripts":{"postinstall":"curl https://raw.githubusercontent.com/dreidev/gitflow/develop/contrib/gitflow-installer.sh > gitflow-installer.sh; chmod a+x gitflow-installer.sh; if [ -z ${TRAVIS+x} ]; then sudo bash gitflow-installer.sh install stable; else bash gitflow-installer.sh install stable;exit 0;fi","postuninstall":"curl https://raw.githubusercontent.com/dreidev/gitflow/develop/contrib/gitflow-installer.sh > gitflow-installer.sh; chmod a+x gitflow-installer.sh; if [ -z ${TRAVIS+x} ]; then sudo bash gitflow-installer.sh uninstall; else  sudo gitflow-installer.sh uninstall;exit 0;fi"},"files":["src/"],"bin":{"breakout-flow":"./node_modules/breakout-timeline/bin/index.js"},"repository":{"type":"git","url":"git+https://github.com/dreidev/gitflow.git"},"os":["!win32"],"keywords":["gitflow","dreidev","version","control","git","cmosh"],"author":{"name":"Clive Makamara","email":"clive@makamara.me","url":"http://github.com/cmosh"},"license":"MIT","bugs":{"url":"https://github.com/dreidev/gitflow/issues"},"homepage":"https://github.com/dreidev/gitflow#readme","dependencies":{"breakout-timeline":"0.0.4","commander":"^2.9.0","shelljs":"^0.7.6"},"contributors":[{"name":"git-flow AVH Authors"},{"name":"This software consists of voluntary contributions made by many"},{"name":"individuals. For exact contribution history, see the revision history"},{"url":"Changes.mdown"},{"name":"http://github.com/petervanderdoes/gitflow."},{"name":"Peter van der Does"},{"name":"Vincent Driessen"},{"name":"Daniel Dehennin"},{"name":"Benedikt Böhm"},{"name":"Leonid Komarovsky"},{"name":"Felipe Talavera"},{"name":"Randy Merrill"},{"name":"Kevin Woo"},{"name":"Daniel Truemper"},{"name":"Eric J. Holmes"},{"name":"Fred Condo"},{"name":"Alexandre Dutra"},{"name":"Ben Loveridge"},{"name":"Florian Gamböck"},{"name":"Gergely Nagy"},{"name":"JP Toto"},{"name":"Kiall Mac Innes"},{"name":"Lorin Hochstein"},{"name":"Olivier Mengué"},{"name":"Stefan Näwe"},{"name":"Adam Gibbins"},{"name":"Alexander Groß"},{"name":"Alexander Norström"},{"name":"Alexander Zeitler"},{"name":"Brian St. Pierre"},{"name":"Cararus Eugeniu"},{"name":"Chad Walker"},{"name":"Craig Fowler"},{"name":"Emre Berge Ergenekon"},{"name":"Gregor A. Cieslak"},{"name":"Gruen Christian-Rolf","url":"Kiki"},{"name":"Guillaume-Jean Herbiet"},{"name":"James Moran"},{"name":"Jannis Leidel"},{"name":"Jason L. Shiffer"},{"name":"Jean Jordaan"},{"name":"Jelte Fennema"},{"name":"Joe Ebmeier"},{"name":"John Sivak"},{"name":"Jon Bernard"},{"name":"Joseph A. Levin"},{"name":"Joshua P. Tilles"},{"name":"Juan Rial"},{"name":"Justin Penney"},{"name":"Konstantin Tjuterev"},{"name":"Kridsada Thanabulpong"},{"name":"Leonardo Giordani"},{"name":"Mark Borcherding"},{"name":"Mark Derricutt"},{"name":"Mateusz Kaczmarek"},{"name":"Matias Hernan Lauriti"},{"name":"Nowell Strite"},{"name":"Opher Vishnia"},{"name":"Peter Schröder"},{"name":"Stefan Schüßler"},{"name":"Steffen Jaeckel"},{"name":"Steve Streeting"},{"name":"Tacit Sawk"},{"name":"Vedang Manerikar"},{"name":"eddie cianci"},{"name":"gmallard"},{"name":"raybec"},{"name":"Portions of the project are derived from other open source works are clearly"},{"name":"marked."},{"name":"This file is auto generated, any changes will be lost."}],"gitHead":"faff3ea5c24b9e94818fed43ef6a840ba6d8bd68","_id":"gitflow@0.5.5","_npmVersion":"3.10.8","_nodeVersion":"6.9.1","_npmUser":{"name":"cmosh","email":"cmosh@live.com"},"dist":{"shasum":"276dd49c16722e2d79ee5805605f4fccdab1c83d","tarball":"https://registry.npmjs.org/gitflow/-/gitflow-0.5.5.tgz"},"maintainers":[{"name":"cmosh","email":"cmosh@live.com"},{"name":"dreidev","email":"contact@dreidev.com"},{"name":"sayegh7","email":"ahmedelsayegh7@gmail.com"}],"_npmOperationalInternal":{"host":"packages-18-east.internal.npmjs.com","tmp":"tmp/gitflow-0.5.5.tgz_1487254040230_0.7009685735683888"},"directories":{},"_requested":{"raw":"gitflow","scope":null,"name":"gitflow","rawSpec":"","spec":"latest","type":"tag"},"_spec":"gitflow","_where":"","_args":[["gitflow",""]],"readme":"ERROR: No README data found!"} (current: {"os":"win32","cpu":"x64"})
41 verbose stack     at checkPlatform (C:\Anaconda2\node_modules\npm\node_modules\npm-install-checks\index.js:45:14)
41 verbose stack     at thenWarnEngineIssues (C:\Anaconda2\node_modules\npm\lib\install\validate-args.js:41:5)
41 verbose stack     at C:\Anaconda2\node_modules\npm\node_modules\iferr\index.js:13:50
41 verbose stack     at checkEngine (C:\Anaconda2\node_modules\npm\node_modules\npm-install-checks\index.js:10:20)
41 verbose stack     at module.exports.isInstallable (C:\Anaconda2\node_modules\npm\lib\install\validate-args.js:38:3)
41 verbose stack     at Array.<anonymous> (C:\Anaconda2\node_modules\npm\node_modules\slide\lib\bind-actor.js:15:8)
41 verbose stack     at LOOP (C:\Anaconda2\node_modules\npm\node_modules\slide\lib\chain.js:15:14)
41 verbose stack     at C:\Anaconda2\node_modules\npm\node_modules\slide\lib\chain.js:18:7
41 verbose stack     at checkSelf (C:\Anaconda2\node_modules\npm\lib\install\validate-args.js:46:72)
41 verbose stack     at Array.<anonymous> (C:\Anaconda2\node_modules\npm\node_modules\slide\lib\bind-actor.js:15:8)
42 verbose pkgid gitflow@0.5.5
43 verbose cwd C:\Users\julia.delos.ayllon\Documents\calcotada_web
44 error Windows_NT 10.0.14393
45 error argv "C:\\Anaconda2\\Library\\bin\\node.exe" "C:\\Anaconda2\\node_modules\\npm\\bin\\npm-cli.js" "i" "-g" "gitflow"
46 error node v4.4.1
47 error npm  v3.8.3
48 error code EBADPLATFORM
49 error notsup Not compatible with your operating system or architecture: gitflow@0.5.5
50 error notsup Valid OS:    !win32
50 error notsup Valid Arch:  any
50 error notsup Actual OS:   win32
50 error notsup Actual Arch: x64
51 verbose exit [ 1, true ]
